<?xml version="1.0" encoding="UTF-8"?>
<testng-results ignored="0" total="1" passed="1" failed="0" skipped="0">
  <reporter-output>
  </reporter-output>
  <suite started-at="2019-05-16T11:09:23Z" name="My test suite" finished-at="2019-05-16T11:09:23Z" duration-ms="22">
    <groups>
    </groups>
    <test started-at="2019-05-16T11:09:23Z" name="testing" finished-at="2019-05-16T11:09:23Z" duration-ms="22">
      <class name="XmlToJsonTest">
        <test-method signature="xmlToJsonTest(java.lang.String)[pri:0, instance:XmlToJsonTest@682b2fa]" started-at="2019-05-16T14:09:23Z" name="xmlToJsonTest" finished-at="2019-05-16T14:09:23Z" duration-ms="6" status="PASS">
          <params>
            <param index="0">
              <value>
                <![CDATA[suitel2]]>
              </value>
            </param>
          </params>
          <reporter-output>
          </reporter-output>
        </test-method> <!-- xmlToJsonTest -->
      </class> <!-- XmlToJsonTest -->
    </test> <!-- testing -->
  </suite> <!-- My test suite -->
</testng-results>
